<?xml version="1.0" encoding="UTF-8" ?>
<testsuites>
  <testsuite errors="0" failures="0" hostname="Mac-mini-de-Migcenel.local" id="0" name="CategoriaTests" package="miloja" tests="1" time="1.102" timestamp="2012-07-27T00:59:57">
      <properties />

      <testcase classname="miloja.CategoriaTests" name="testDeberiaGuardarUnaCategoria" time="0.949" />

      <system-out><![CDATA[--Output from testDeberiaGuardarUnaCategoria--
]]></system-out>

      <system-err><![CDATA[--Output from testDeberiaGuardarUnaCategoria--
]]></system-err>

  </testsuite>
  <testsuite errors="0" failures="0" hostname="Mac-mini-de-Migcenel.local" id="1" name="RestauranteTests" package="miloja" tests="1" time="0.297" timestamp="2012-07-27T00:59:59">
      <properties />

      <testcase classname="miloja.RestauranteTests" name="testDeberiaGuardarUnRestaurante" time="0.294" />

      <system-out><![CDATA[--Output from testDeberiaGuardarUnRestaurante--
]]></system-out>

      <system-err><![CDATA[--Output from testDeberiaGuardarUnRestaurante--
]]></system-err>

  </testsuite>
</testsuites>
